
'Test Message' received from Node:0

Message -'Test Message' sent to Node:2
Message -'Test Message' sent to Node:3
Message -'Test Message' sent to Node:2
Message -'Test Message' sent to Node:3
Message -'Test Message' sent to Node:3
Message -'Test Message' sent to Node:3
Message -'Test Message' sent to Node:0
Message -'Test Message' sent to Node:2
Message -'Test Message' sent to Node:2

'Test Message' received from Node:0

Message -'Test Message' sent to Node:0
Message -'Test Message' sent to Node:2
Message -'Test Message' sent to Node:3
Message -'Test Message' sent to Node:0
Message -'Test Message' sent to Node:3
Message -'Test Message' sent to Node:0
Message -'Test Message' sent to Node:3
Message -'Test Message' sent to Node:3

'Test Message' received from Node:3

Message -'Test Message' sent to Node:2
Message -'Test Message' sent to Node:0
Message -'Test Message' sent to Node:0
Message -'Test Message' sent to Node:2
Message -'Test Message' sent to Node:2
Message -'Test Message' sent to Node:3
Message -'Test Message' sent to Node:0
Message -'Test Message' sent to Node:2
Message -'Test Message' sent to Node:0
Message -'Test Message' sent to Node:3

'Test Message' received from Node:0

Message -'Test Message' sent to Node:3
Message -'Test Message' sent to Node:0
Message -'Test Message' sent to Node:2
Message -'Test Message' sent to Node:0
Message -'Test Message' sent to Node:2
Message -'Test Message' sent to Node:2
Message -'Test Message' sent to Node:0
Message -'Test Message' sent to Node:3
Message -'Test Message' sent to Node:3

'Test Message' received from Node:0

Message -'Test Message' sent to Node:3
Message -'Test Message' sent to Node:2
Message -'Test Message' sent to Node:2
Message -'Test Message' sent to Node:2
Message -'Test Message' sent to Node:3
Message -'Test Message' sent to Node:3

'Test Message' received from Node:3

Message -'Test Message' sent to Node:0
Message -'Test Message' sent to Node:3
Message -'Test Message' sent to Node:0
Message -'Test Message' sent to Node:0
Message -'Test Message' sent to Node:3
Message -'Test Message' sent to Node:3

'Test Message' received from Node:3

Message -'Test Message' sent to Node:0
Message -'Test Message' sent to Node:0
Message -'Test Message' sent to Node:2
Message -'Test Message' sent to Node:0
Message -'Test Message' sent to Node:2
Message -'Test Message' sent to Node:0
Message -'Test Message' sent to Node:2
Message -'Test Message' sent to Node:0

Snap Number - 1
3 4 0 0 
Snap Number - 2
17 24 9 0 
Snap Number - 3
21 29 22 15 
Snap Number - 4
26 46 38 24 
Snap Number - 5
35 55 41 29 
Snap Number - 6
38 61 51 39 
Snap Number - 7
48 72 64 49 
Snap Number - 8
52 80 68 50 
Snap Number - 9
59 86 82 59 
Snap Number - 10
68 92 90 64 
Snap Number - 11
74 99 97 71 
Snap Number - 12
81 107 107 76 
Snap Number - 13
85 111 115 81 
Snap Number - 14
89 113 123 89 
Snap Number - 15
89 117 129 93 
Summary - 


Local Vector Clock-
89 117 129 93 
Total Application Messages Sent - 
56
Total Application Messages Received - 
61